<?xml version="1.0" encoding="UTF-8" ?>
<testsuite tests="1" failures="1" name="com.aspectsecurity.xxetest.DocumentBuilder.SetExpandEntityReferencesTest" time="0.032" errors="0" skipped="0">
  <properties>
[...]
</properties>
  <testcase classname="com.aspectsecurity.xxetest.DocumentBuilder.SetExpandEntityReferencesTest" name="testLoadSystemFilePrevention" time="0.032">
    <failure message="The expected text should not load from the system file." type="junit.framework.AssertionFailedError">junit.framework.AssertionFailedError: The expected text should not load from the system file.
	at junit.framework.Assert.fail(Assert.java:57)
	at junit.framework.Assert.assertTrue(Assert.java:22)
	at junit.framework.Assert.assertFalse(Assert.java:39)
	at junit.framework.TestCase.assertFalse(TestCase.java:210)
	at com.aspectsecurity.xxetest.DocumentBuilder.SetExpandEntityReferencesTest.testLoadSystemFilePrevention(SetExpandEntityReferencesTest.java:76)
	at sun.reflect.NativeMethodAccessorImpl.invoke0(Native Method)
	at sun.reflect.NativeMethodAccessorImpl.invoke(Unknown Source)
	at sun.reflect.DelegatingMethodAccessorImpl.invoke(Unknown Source)
	at java.lang.reflect.Method.invoke(Unknown Source)
	at junit.framework.TestCase.runTest(TestCase.java:176)
	at junit.framework.TestCase.runBare(TestCase.java:141)
	at junit.framework.TestResult$1.protect(TestResult.java:122)
	at junit.framework.TestResult.runProtected(TestResult.java:142)
	at junit.framework.TestResult.run(TestResult.java:125)
	at junit.framework.TestCase.run(TestCase.java:129)
	at junit.framework.TestSuite.runTest(TestSuite.java:255)
	at junit.framework.TestSuite.run(TestSuite.java:250)
	at org.junit.internal.runners.JUnit38ClassRunner.run(JUnit38ClassRunner.java:84)
	at org.apache.maven.surefire.junit4.JUnit4Provider.execute(JUnit4Provider.java:252)
	at org.apache.maven.surefire.junit4.JUnit4Provider.executeTestSet(JUnit4Provider.java:141)
	at org.apache.maven.surefire.junit4.JUnit4Provider.invoke(JUnit4Provider.java:112)
	at sun.reflect.NativeMethodAccessorImpl.invoke0(Native Method)
	at sun.reflect.NativeMethodAccessorImpl.invoke(Unknown Source)
	at sun.reflect.DelegatingMethodAccessorImpl.invoke(Unknown Source)
	at java.lang.reflect.Method.invoke(Unknown Source)
	at org.apache.maven.surefire.util.ReflectionUtils.invokeMethodWithArray(ReflectionUtils.java:189)
	at org.apache.maven.surefire.booter.ProviderFactory$ProviderProxy.invoke(ProviderFactory.java:165)
	at org.apache.maven.surefire.booter.ProviderFactory.invokeProvider(ProviderFactory.java:85)
	at org.apache.maven.surefire.booter.ForkedBooter.runSuitesInProcess(ForkedBooter.java:115)
	at org.apache.maven.surefire.booter.ForkedBooter.main(ForkedBooter.java:75)
</failure>
    <system-out>Current DocumentBuilderFactory properties set to:
  Current isExpandEntityReferences value: &apos;true&apos;
  Current isValidating value: &apos;false&apos;
  Current isCoalescing value: &apos;false&apos;
  Current isNamespaceAware value: &apos;false&apos;
  Current isXIncludeAware value: &apos;false&apos;
  Current http://xml.org/sax/features/external-general-entities feature value: &apos;true&apos;
  Current http://xml.org/sax/features/external-parameter-entities feature value: &apos;true&apos;
After setting DocumentBuilderFactory to disable ExpandingEntityReferences:
  Current isExpandEntityReferences value: &apos;false&apos;
  Current http://xml.org/sax/features/external-general-entities feature value: &apos;true&apos;
  Current http://xml.org/sax/features/external-parameter-entities feature value: &apos;true&apos;
[+] Doc content: SUCCESSFUL
</system-out>
  </testcase>
</testsuite>